This file contains any messages produced by compilers while
running configure, to aid debugging if configure makes a mistake.

It was created by configure, which was
generated by GNU Autoconf 2.69.  Invocation command line was

  $ ./configure --with-charset=utf-8

## --------- ##
## Platform. ##
## --------- ##

hostname = dl-box2
uname -m = x86_64
uname -r = 5.13.0-41-generic
uname -s = Linux
uname -v = #46~20.04.1-Ubuntu SMP Wed Apr 20 13:16:21 UTC 2022

/usr/bin/uname -p = x86_64
/bin/uname -X     = unknown

/bin/arch              = x86_64
/usr/bin/arch -k       = unknown
/usr/convex/getsysinfo = unknown
/usr/bin/hostinfo      = unknown
/bin/machine           = unknown
/usr/bin/oslevel       = unknown
/bin/universe          = unknown

PATH: /home/ono/.virtualenvs/language_processing/bin
PATH: /home/ono/.vscode-server/bin/30d9c6cd9483b2cc586687151bcbcd635f373630/bin/remote-cli
PATH: /home/ono/.local/bin
PATH: /usr/local/cuda-11.0/bin
PATH: /usr/local/sbin
PATH: /usr/local/bin
PATH: /usr/sbin
PATH: /usr/bin
PATH: /sbin
PATH: /bin
PATH: /usr/games
PATH: /usr/local/games
PATH: /snap/bin


## ----------- ##
## Core tests. ##
## ----------- ##

configure:2652: checking for a BSD-compatible install
configure:2720: result: /usr/bin/install -c
configure:2731: checking whether build environment is sane
configure:2786: result: yes
configure:2935: checking for a thread-safe mkdir -p
configure:2974: result: /usr/bin/mkdir -p
configure:2981: checking for gawk
configure:3011: result: no
configure:2981: checking for mawk
configure:2997: found /usr/bin/mawk
configure:3008: result: mawk
configure:3019: checking whether make sets $(MAKE)
configure:3041: result: yes
configure:3070: checking whether make supports nested variables
configure:3087: result: yes
configure:3214: checking whether to enable maintainer-specific portions of Makefiles
configure:3223: result: no
configure:3298: checking for gcc
configure:3314: found /usr/bin/gcc
configure:3325: result: gcc
configure:3554: checking for C compiler version
configure:3563: gcc --version >&5
gcc (Ubuntu 9.4.0-1ubuntu1~20.04.1) 9.4.0
Copyright (C) 2019 Free Software Foundation, Inc.
This is free software; see the source for copying conditions.  There is NO
warranty; not even for MERCHANTABILITY or FITNESS FOR A PARTICULAR PURPOSE.

configure:3574: $? = 0
configure:3563: gcc -v >&5
Using built-in specs.
COLLECT_GCC=gcc
COLLECT_LTO_WRAPPER=/usr/lib/gcc/x86_64-linux-gnu/9/lto-wrapper
OFFLOAD_TARGET_NAMES=nvptx-none:hsa
OFFLOAD_TARGET_DEFAULT=1
Target: x86_64-linux-gnu
Configured with: ../src/configure -v --with-pkgversion='Ubuntu 9.4.0-1ubuntu1~20.04.1' --with-bugurl=file:///usr/share/doc/gcc-9/README.Bugs --enable-languages=c,ada,c++,go,brig,d,fortran,objc,obj-c++,gm2 --prefix=/usr --with-gcc-major-version-only --program-suffix=-9 --program-prefix=x86_64-linux-gnu- --enable-shared --enable-linker-build-id --libexecdir=/usr/lib --without-included-gettext --enable-threads=posix --libdir=/usr/lib --enable-nls --enable-clocale=gnu --enable-libstdcxx-debug --enable-libstdcxx-time=yes --with-default-libstdcxx-abi=new --enable-gnu-unique-object --disable-vtable-verify --enable-plugin --enable-default-pie --with-system-zlib --with-target-system-zlib=auto --enable-objc-gc=auto --enable-multiarch --disable-werror --with-arch-32=i686 --with-abi=m64 --with-multilib-list=m32,m64,mx32 --enable-multilib --with-tune=generic --enable-offload-targets=nvptx-none=/build/gcc-9-Av3uEd/gcc-9-9.4.0/debian/tmp-nvptx/usr,hsa --without-cuda-driver --enable-checking=release --build=x86_64-linux-gnu --host=x86_64-linux-gnu --target=x86_64-linux-gnu
Thread model: posix
gcc version 9.4.0 (Ubuntu 9.4.0-1ubuntu1~20.04.1) 
configure:3574: $? = 0
configure:3563: gcc -V >&5
gcc: error: unrecognized command line option '-V'
gcc: fatal error: no input files
compilation terminated.
configure:3574: $? = 1
configure:3563: gcc -qversion >&5
gcc: error: unrecognized command line option '-qversion'; did you mean '--version'?
gcc: fatal error: no input files
compilation terminated.
configure:3574: $? = 1
configure:3594: checking whether the C compiler works
configure:3616: gcc    conftest.c  >&5
configure:3620: $? = 0
configure:3668: result: yes
configure:3671: checking for C compiler default output file name
configure:3673: result: a.out
configure:3679: checking for suffix of executables
configure:3686: gcc -o conftest    conftest.c  >&5
configure:3690: $? = 0
configure:3712: result: 
configure:3734: checking whether we are cross compiling
configure:3742: gcc -o conftest    conftest.c  >&5
configure:3746: $? = 0
configure:3753: ./conftest
configure:3757: $? = 0
configure:3745: result: no
configure:3750: checking for suffix of object files
configure:3772: gcc -c   conftest.c >&5
configure:3776: $? = 0
configure:3797: result: o
configure:3801: checking whether we are using the GNU C compiler
configure:3820: gcc -c   conftest.c >&5
configure:3820: $? = 0
configure:3829: result: yes
configure:3838: checking whether gcc accepts -g
configure:3858: gcc -c -g  conftest.c >&5
configure:3858: $? = 0
configure:3899: result: yes
configure:3916: checking for gcc option to accept ISO C89
configure:3979: gcc  -c -g -O2  conftest.c >&5
configure:3979: $? = 0
configure:3992: result: none needed
configure:4017: checking whether gcc understands -c and -o together
configure:4039: gcc -c conftest.c -o conftest2.o
configure:4042: $? = 0
configure:4039: gcc -c conftest.c -o conftest2.o
configure:4042: $? = 0
configure:4054: result: yes
configure:4082: checking for style of include used by make
configure:4110: result: GNU
configure:4136: checking dependency style of gcc
configure:4247: result: none
configure:4320: checking for g++
configure:4336: found /usr/bin/g++
configure:4347: result: g++
configure:4374: checking for C++ compiler version
configure:4383: g++ --version >&5
g++ (Ubuntu 9.4.0-1ubuntu1~20.04.1) 9.4.0
Copyright (C) 2019 Free Software Foundation, Inc.
This is free software; see the source for copying conditions.  There is NO
warranty; not even for MERCHANTABILITY or FITNESS FOR A PARTICULAR PURPOSE.

configure:4394: $? = 0
configure:4383: g++ -v >&5
Using built-in specs.
COLLECT_GCC=g++
COLLECT_LTO_WRAPPER=/usr/lib/gcc/x86_64-linux-gnu/9/lto-wrapper
OFFLOAD_TARGET_NAMES=nvptx-none:hsa
OFFLOAD_TARGET_DEFAULT=1
Target: x86_64-linux-gnu
Configured with: ../src/configure -v --with-pkgversion='Ubuntu 9.4.0-1ubuntu1~20.04.1' --with-bugurl=file:///usr/share/doc/gcc-9/README.Bugs --enable-languages=c,ada,c++,go,brig,d,fortran,objc,obj-c++,gm2 --prefix=/usr --with-gcc-major-version-only --program-suffix=-9 --program-prefix=x86_64-linux-gnu- --enable-shared --enable-linker-build-id --libexecdir=/usr/lib --without-included-gettext --enable-threads=posix --libdir=/usr/lib --enable-nls --enable-clocale=gnu --enable-libstdcxx-debug --enable-libstdcxx-time=yes --with-default-libstdcxx-abi=new --enable-gnu-unique-object --disable-vtable-verify --enable-plugin --enable-default-pie --with-system-zlib --with-target-system-zlib=auto --enable-objc-gc=auto --enable-multiarch --disable-werror --with-arch-32=i686 --with-abi=m64 --with-multilib-list=m32,m64,mx32 --enable-multilib --with-tune=generic --enable-offload-targets=nvptx-none=/build/gcc-9-Av3uEd/gcc-9-9.4.0/debian/tmp-nvptx/usr,hsa --without-cuda-driver --enable-checking=release --build=x86_64-linux-gnu --host=x86_64-linux-gnu --target=x86_64-linux-gnu
Thread model: posix
gcc version 9.4.0 (Ubuntu 9.4.0-1ubuntu1~20.04.1) 
configure:4394: $? = 0
configure:4383: g++ -V >&5
g++: error: unrecognized command line option '-V'
g++: fatal error: no input files
compilation terminated.
configure:4394: $? = 1
configure:4383: g++ -qversion >&5
g++: error: unrecognized command line option '-qversion'; did you mean '--version'?
g++: fatal error: no input files
compilation terminated.
configure:4394: $? = 1
configure:4398: checking whether we are using the GNU C++ compiler
configure:4417: g++ -c   conftest.cpp >&5
configure:4417: $? = 0
configure:4426: result: yes
configure:4435: checking whether g++ accepts -g
configure:4455: g++ -c -g  conftest.cpp >&5
configure:4455: $? = 0
configure:4496: result: yes
configure:4521: checking dependency style of g++
configure:4632: result: none
configure:4653: checking how to run the C preprocessor
configure:4684: gcc -E  conftest.c
configure:4684: $? = 0
configure:4698: gcc -E  conftest.c
conftest.c:11:10: fatal error: ac_nonexistent.h: No such file or directory
   11 | #include <ac_nonexistent.h>
      |          ^~~~~~~~~~~~~~~~~~
compilation terminated.
configure:4698: $? = 1
configure: failed program was:
| /* confdefs.h */
| #define PACKAGE_NAME ""
| #define PACKAGE_TARNAME ""
| #define PACKAGE_VERSION ""
| #define PACKAGE_STRING ""
| #define PACKAGE_BUGREPORT ""
| #define PACKAGE_URL ""
| #define PACKAGE "cabocha"
| #define VERSION "0.69"
| /* end confdefs.h.  */
| #include <ac_nonexistent.h>
configure:4723: result: gcc -E
configure:4743: gcc -E  conftest.c
configure:4743: $? = 0
configure:4757: gcc -E  conftest.c
conftest.c:11:10: fatal error: ac_nonexistent.h: No such file or directory
   11 | #include <ac_nonexistent.h>
      |          ^~~~~~~~~~~~~~~~~~
compilation terminated.
configure:4757: $? = 1
configure: failed program was:
| /* confdefs.h */
| #define PACKAGE_NAME ""
| #define PACKAGE_TARNAME ""
| #define PACKAGE_VERSION ""
| #define PACKAGE_STRING ""
| #define PACKAGE_BUGREPORT ""
| #define PACKAGE_URL ""
| #define PACKAGE "cabocha"
| #define VERSION "0.69"
| /* end confdefs.h.  */
| #include <ac_nonexistent.h>
configure:4786: checking for grep that handles long lines and -e
configure:4844: result: /usr/bin/grep
configure:4849: checking for egrep
configure:4911: result: /usr/bin/grep -E
configure:4917: checking whether gcc needs -traditional
configure:4951: result: no
configure:4958: checking whether make sets $(MAKE)
configure:4980: result: yes
configure:4993: checking build system type
configure:5007: result: x86_64-unknown-linux-gnu
configure:5027: checking host system type
configure:5040: result: x86_64-unknown-linux-gnu
configure:5409: checking how to print strings
configure:5436: result: printf
configure:5457: checking for a sed that does not truncate output
configure:5521: result: /usr/bin/sed
configure:5539: checking for fgrep
configure:5601: result: /usr/bin/grep -F
configure:5636: checking for ld used by gcc
configure:5703: result: /usr/bin/ld
configure:5710: checking if the linker (/usr/bin/ld) is GNU ld
configure:5725: result: yes
configure:5737: checking for BSD- or MS-compatible name lister (nm)
configure:5786: result: /usr/bin/nm -B
configure:5916: checking the name lister (/usr/bin/nm -B) interface
configure:5923: gcc -c -g -O2  conftest.c >&5
configure:5926: /usr/bin/nm -B "conftest.o"
configure:5929: output
0000000000000000 B some_variable
configure:5930: result: BSD nm
configure:5933: checking whether ln -s works
configure:5937: result: yes
configure:5945: checking the maximum length of command line arguments
configure:6076: result: 1572864
configure:6093: checking whether the shell understands some XSI constructs
configure:6102: result: yes
configure:6106: checking whether the shell understands "+="
configure:6110: result: yes
configure:6145: checking how to convert x86_64-unknown-linux-gnu file names to x86_64-unknown-linux-gnu format
configure:6185: result: func_convert_file_noop
configure:6192: checking how to convert x86_64-unknown-linux-gnu file names to toolchain format
configure:6212: result: func_convert_file_noop
configure:6219: checking for /usr/bin/ld option to reload object files
configure:6226: result: -r
configure:6300: checking for objdump
configure:6327: result: objdump
configure:6356: checking how to recognize dependent libraries
configure:6554: result: pass_all
configure:6639: checking for dlltool
configure:6666: result: dlltool
configure:6696: checking how to associate runtime and link libraries
configure:6723: result: printf %s\n
configure:6783: checking for ar
configure:6799: found /usr/bin/ar
configure:6810: result: ar
configure:6847: checking for archiver @FILE support
configure:6864: gcc -c -g -O2  conftest.c >&5
configure:6864: $? = 0
configure:6867: ar cru libconftest.a @conftest.lst >&5
ar: `u' modifier ignored since `D' is the default (see `U')
configure:6870: $? = 0
configure:6875: ar cru libconftest.a @conftest.lst >&5
ar: `u' modifier ignored since `D' is the default (see `U')
ar: conftest.o: No such file or directory
configure:6878: $? = 1
configure:6877: result: @
configure:6935: checking for strip
configure:6951: found /usr/bin/strip
configure:6962: result: strip
configure:7034: checking for ranlib
configure:7050: found /usr/bin/ranlib
configure:7061: result: ranlib
configure:7163: checking command to parse /usr/bin/nm -B output from gcc object
configure:7283: gcc -c -g -O2  conftest.c >&5
configure:7286: $? = 0
configure:7290: /usr/bin/nm -B conftest.o \| sed -n -e 's/^.*[ ]\([ABCDGIRSTW][ABCDGIRSTW]*\)[ ][ ]*\([_A-Za-z][_A-Za-z0-9]*\)$/\1 \2 \2/p' | sed '/ __gnu_lto/d' \> conftest.nm
configure:7293: $? = 0
configure:7359: gcc -o conftest -g -O2   conftest.c conftstm.o >&5
configure:7362: $? = 0
configure:7400: result: ok
configure:7437: checking for sysroot
configure:7467: result: no
configure:7544: gcc -c -g -O2  conftest.c >&5
configure:7547: $? = 0
configure:7736: checking for mt
configure:7752: found /usr/bin/mt
configure:7763: result: mt
configure:7786: checking if mt is a manifest tool
configure:7792: mt '-?'
configure:7800: result: no
configure:8437: checking for ANSI C header files
configure:8457: gcc -c -g -O2  conftest.c >&5
configure:8457: $? = 0
configure:8530: gcc -o conftest -g -O2   conftest.c  >&5
configure:8530: $? = 0
configure:8530: ./conftest
configure:8530: $? = 0
configure:8541: result: yes
configure:8554: checking for sys/types.h
configure:8554: gcc -c -g -O2  conftest.c >&5
configure:8554: $? = 0
configure:8554: result: yes
configure:8554: checking for sys/stat.h
configure:8554: gcc -c -g -O2  conftest.c >&5
configure:8554: $? = 0
configure:8554: result: yes
configure:8554: checking for stdlib.h
configure:8554: gcc -c -g -O2  conftest.c >&5
configure:8554: $? = 0
configure:8554: result: yes
configure:8554: checking for string.h
configure:8554: gcc -c -g -O2  conftest.c >&5
configure:8554: $? = 0
configure:8554: result: yes
configure:8554: checking for memory.h
configure:8554: gcc -c -g -O2  conftest.c >&5
configure:8554: $? = 0
configure:8554: result: yes
configure:8554: checking for strings.h
configure:8554: gcc -c -g -O2  conftest.c >&5
configure:8554: $? = 0
configure:8554: result: yes
configure:8554: checking for inttypes.h
configure:8554: gcc -c -g -O2  conftest.c >&5
configure:8554: $? = 0
configure:8554: result: yes
configure:8554: checking for stdint.h
configure:8554: gcc -c -g -O2  conftest.c >&5
configure:8554: $? = 0
configure:8554: result: yes
configure:8554: checking for unistd.h
configure:8554: gcc -c -g -O2  conftest.c >&5
configure:8554: $? = 0
configure:8554: result: yes
configure:8568: checking for dlfcn.h
configure:8568: gcc -c -g -O2  conftest.c >&5
configure:8568: $? = 0
configure:8568: result: yes
configure:8783: checking for objdir
configure:8798: result: .libs
configure:9065: checking if gcc supports -fno-rtti -fno-exceptions
configure:9083: gcc -c -g -O2  -fno-rtti -fno-exceptions conftest.c >&5
cc1: warning: command line option '-fno-rtti' is valid for C++/D/ObjC++ but not for C
configure:9087: $? = 0
configure:9100: result: no
configure:9427: checking for gcc option to produce PIC
configure:9434: result: -fPIC -DPIC
configure:9442: checking if gcc PIC flag -fPIC -DPIC works
configure:9460: gcc -c -g -O2  -fPIC -DPIC -DPIC conftest.c >&5
configure:9464: $? = 0
configure:9477: result: yes
configure:9506: checking if gcc static flag -static works
configure:9534: result: yes
configure:9549: checking if gcc supports -c -o file.o
configure:9570: gcc -c -g -O2  -o out/conftest2.o conftest.c >&5
configure:9574: $? = 0
configure:9596: result: yes
configure:9604: checking if gcc supports -c -o file.o
configure:9651: result: yes
configure:9684: checking whether the gcc linker (/usr/bin/ld -m elf_x86_64) supports shared libraries
configure:10841: result: yes
configure:10878: checking whether -lc should be explicitly linked in
configure:10886: gcc -c -g -O2  conftest.c >&5
configure:10889: $? = 0
configure:10904: gcc -shared  -fPIC -DPIC conftest.o  -v -Wl,-soname -Wl,conftest -o conftest 2\>\&1 \| /usr/bin/grep  -lc  \>/dev/null 2\>\&1
configure:10907: $? = 0
configure:10921: result: no
configure:11081: checking dynamic linker characteristics
configure:11581: gcc -o conftest -g -O2   -Wl,-rpath -Wl,/foo conftest.c  >&5
configure:11581: $? = 0
configure:11815: result: GNU/Linux ld.so
configure:11922: checking how to hardcode library paths into programs
configure:11947: result: immediate
configure:12487: checking whether stripping libraries is possible
configure:12492: result: yes
configure:12527: checking if libtool supports shared libraries
configure:12529: result: yes
configure:12532: checking whether to build shared libraries
configure:12553: result: yes
configure:12556: checking whether to build static libraries
configure:12560: result: yes
configure:9588: checking how to run the C++ preprocessor
configure:9615: g++ -E  conftest.cpp
configure:9615: $? = 0
configure:9629: g++ -E  conftest.cpp
conftest.cpp:23:10: fatal error: ac_nonexistent.h: No such file or directory
   23 | #include <ac_nonexistent.h>
      |          ^~~~~~~~~~~~~~~~~~
compilation terminated.
configure:9629: $? = 1
configure: failed program was:
| /* confdefs.h */
| #define PACKAGE_NAME ""
| #define PACKAGE_TARNAME ""
| #define PACKAGE_VERSION ""
| #define PACKAGE_STRING ""
| #define PACKAGE_BUGREPORT ""
| #define PACKAGE_URL ""
| #define PACKAGE "cabocha"
| #define VERSION "0.69"
| #define STDC_HEADERS 1
| #define HAVE_SYS_TYPES_H 1
| #define HAVE_SYS_STAT_H 1
| #define HAVE_STDLIB_H 1
| #define HAVE_STRING_H 1
| #define HAVE_MEMORY_H 1
| #define HAVE_STRINGS_H 1
| #define HAVE_INTTYPES_H 1
| #define HAVE_STDINT_H 1
| #define HAVE_UNISTD_H 1
| #define HAVE_DLFCN_H 1
| #define LT_OBJDIR ".libs/"
| /* end confdefs.h.  */
| #include <ac_nonexistent.h>
configure:9654: result: g++ -E
configure:9674: g++ -E  conftest.cpp
configure:9674: $? = 0
configure:9688: g++ -E  conftest.cpp
conftest.cpp:23:10: fatal error: ac_nonexistent.h: No such file or directory
   23 | #include <ac_nonexistent.h>
      |          ^~~~~~~~~~~~~~~~~~
compilation terminated.
configure:9688: $? = 1
configure: failed program was:
| /* confdefs.h */
| #define PACKAGE_NAME ""
| #define PACKAGE_TARNAME ""
| #define PACKAGE_VERSION ""
| #define PACKAGE_STRING ""
| #define PACKAGE_BUGREPORT ""
| #define PACKAGE_URL ""
| #define PACKAGE "cabocha"
| #define VERSION "0.69"
| #define STDC_HEADERS 1
| #define HAVE_SYS_TYPES_H 1
| #define HAVE_SYS_STAT_H 1
| #define HAVE_STDLIB_H 1
| #define HAVE_STRING_H 1
| #define HAVE_MEMORY_H 1
| #define HAVE_STRINGS_H 1
| #define HAVE_INTTYPES_H 1
| #define HAVE_STDINT_H 1
| #define HAVE_UNISTD_H 1
| #define HAVE_DLFCN_H 1
| #define LT_OBJDIR ".libs/"
| /* end confdefs.h.  */
| #include <ac_nonexistent.h>
configure:9857: checking for ld used by g++
configure:9924: result: /usr/bin/ld -m elf_x86_64
configure:9931: checking if the linker (/usr/bin/ld -m elf_x86_64) is GNU ld
configure:9946: result: yes
configure:10001: checking whether the g++ linker (/usr/bin/ld -m elf_x86_64) supports shared libraries
configure:11003: result: yes
configure:11039: g++ -c -g -O2  conftest.cpp >&5
configure:11042: $? = 0
configure:11562: checking for g++ option to produce PIC
configure:11569: result: -fPIC -DPIC
configure:11577: checking if g++ PIC flag -fPIC -DPIC works
configure:11595: g++ -c -g -O2  -fPIC -DPIC -DPIC conftest.cpp >&5
configure:11599: $? = 0
configure:11612: result: yes
configure:11635: checking if g++ static flag -static works
configure:11663: result: yes
configure:11675: checking if g++ supports -c -o file.o
configure:11696: g++ -c -g -O2  -o out/conftest2.o conftest.cpp >&5
configure:11700: $? = 0
configure:11722: result: yes
configure:11727: checking if g++ supports -c -o file.o
configure:11774: result: yes
configure:11804: checking whether the g++ linker (/usr/bin/ld -m elf_x86_64) supports shared libraries
configure:11843: result: yes
configure:11984: checking dynamic linker characteristics
configure:12652: result: GNU/Linux ld.so
configure:12705: checking how to hardcode library paths into programs
configure:12730: result: immediate
configure:11727: checking for library containing strerror
configure:11758: gcc -o conftest -g -O2   conftest.c  >&5
configure:11758: $? = 0
configure:11775: result: none required
configure:11830: checking for ld used by gcc
configure:11897: result: /usr/bin/ld -m elf_x86_64
configure:11904: checking if the linker (/usr/bin/ld -m elf_x86_64) is GNU ld
configure:11919: result: yes
configure:11926: checking for shared library run path origin
configure:11939: result: done
configure:12517: checking for iconv
configure:12541: gcc -o conftest -g -O2   conftest.c  >&5
configure:12541: $? = 0
configure:12575: result: yes
configure:12578: checking for working iconv
configure:12698: gcc -o conftest -g -O2   conftest.c  >&5
configure:12698: $? = 0
configure:12698: ./conftest
configure:12698: $? = 0
configure:12710: result: yes
configure:12738: checking for iconv declaration
configure:12767: gcc -c -g -O2  conftest.c >&5
configure:12767: $? = 0
configure:12778: result:
         extern size_t iconv (iconv_t cd, char * *inbuf, size_t *inbytesleft, char * *outbuf, size_t *outbytesleft);
configure:12801: checking for ANSI C header files
configure:12905: result: yes
configure:12913: checking for an ANSI C-conforming const
configure:12979: gcc -c -g -O2  conftest.c >&5
configure:12979: $? = 0
configure:12986: result: yes
configure:12994: checking whether byte ordering is bigendian
configure:13009: gcc -c -g -O2  conftest.c >&5
conftest.c:27:9: error: unknown type name 'not'
   27 |         not a universal capable compiler
      |         ^~~
conftest.c:27:15: error: expected '=', ',', ';', 'asm' or '__attribute__' before 'universal'
   27 |         not a universal capable compiler
      |               ^~~~~~~~~
conftest.c:27:15: error: unknown type name 'universal'
configure:13009: $? = 1
configure: failed program was:
| /* confdefs.h */
| #define PACKAGE_NAME ""
| #define PACKAGE_TARNAME ""
| #define PACKAGE_VERSION ""
| #define PACKAGE_STRING ""
| #define PACKAGE_BUGREPORT ""
| #define PACKAGE_URL ""
| #define PACKAGE "cabocha"
| #define VERSION "0.69"
| #define STDC_HEADERS 1
| #define HAVE_SYS_TYPES_H 1
| #define HAVE_SYS_STAT_H 1
| #define HAVE_STDLIB_H 1
| #define HAVE_STRING_H 1
| #define HAVE_MEMORY_H 1
| #define HAVE_STRINGS_H 1
| #define HAVE_INTTYPES_H 1
| #define HAVE_STDINT_H 1
| #define HAVE_UNISTD_H 1
| #define HAVE_DLFCN_H 1
| #define LT_OBJDIR ".libs/"
| #define HAVE_ICONV 1
| #define ICONV_CONST 
| #define STDC_HEADERS 1
| /* end confdefs.h.  */
| #ifndef __APPLE_CC__
| 	       not a universal capable compiler
| 	     #endif
| 	     typedef int dummy;
| 
configure:13054: gcc -c -g -O2  conftest.c >&5
configure:13054: $? = 0
configure:13072: gcc -c -g -O2  conftest.c >&5
conftest.c: In function 'main':
conftest.c:33:4: error: unknown type name 'not'; did you mean 'ino_t'?
   33 |    not big endian
      |    ^~~
      |    ino_t
conftest.c:33:12: error: expected '=', ',', ';', 'asm' or '__attribute__' before 'endian'
   33 |    not big endian
      |            ^~~~~~
configure:13072: $? = 1
configure: failed program was:
| /* confdefs.h */
| #define PACKAGE_NAME ""
| #define PACKAGE_TARNAME ""
| #define PACKAGE_VERSION ""
| #define PACKAGE_STRING ""
| #define PACKAGE_BUGREPORT ""
| #define PACKAGE_URL ""
| #define PACKAGE "cabocha"
| #define VERSION "0.69"
| #define STDC_HEADERS 1
| #define HAVE_SYS_TYPES_H 1
| #define HAVE_SYS_STAT_H 1
| #define HAVE_STDLIB_H 1
| #define HAVE_STRING_H 1
| #define HAVE_MEMORY_H 1
| #define HAVE_STRINGS_H 1
| #define HAVE_INTTYPES_H 1
| #define HAVE_STDINT_H 1
| #define HAVE_UNISTD_H 1
| #define HAVE_DLFCN_H 1
| #define LT_OBJDIR ".libs/"
| #define HAVE_ICONV 1
| #define ICONV_CONST 
| #define STDC_HEADERS 1
| /* end confdefs.h.  */
| #include <sys/types.h>
| 		#include <sys/param.h>
| 
| int
| main ()
| {
| #if BYTE_ORDER != BIG_ENDIAN
| 		 not big endian
| 		#endif
| 
|   ;
|   return 0;
| }
configure:13200: result: no
configure:13223: checking for string.h
configure:13223: result: yes
configure:13223: checking for stdlib.h
configure:13223: result: yes
configure:13223: checking for unistd.h
configure:13223: result: yes
configure:13223: checking fcntl.h usability
configure:13223: gcc -c -g -O2  conftest.c >&5
configure:13223: $? = 0
configure:13223: result: yes
configure:13223: checking fcntl.h presence
configure:13223: gcc -E  conftest.c
configure:13223: $? = 0
configure:13223: result: yes
configure:13223: checking for fcntl.h
configure:13223: result: yes
configure:13223: checking for sys/stat.h
configure:13223: result: yes
configure:13223: checking sys/mman.h usability
configure:13223: gcc -c -g -O2  conftest.c >&5
configure:13223: $? = 0
configure:13223: result: yes
configure:13223: checking sys/mman.h presence
configure:13223: gcc -E  conftest.c
configure:13223: $? = 0
configure:13223: result: yes
configure:13223: checking for sys/mman.h
configure:13223: result: yes
configure:13223: checking sys/times.h usability
configure:13223: gcc -c -g -O2  conftest.c >&5
configure:13223: $? = 0
configure:13223: result: yes
configure:13223: checking sys/times.h presence
configure:13223: gcc -E  conftest.c
configure:13223: $? = 0
configure:13223: result: yes
configure:13223: checking for sys/times.h
configure:13223: result: yes
configure:13223: checking for sys/types.h
configure:13223: result: yes
configure:13223: checking dirent.h usability
configure:13223: gcc -c -g -O2  conftest.c >&5
configure:13223: $? = 0
configure:13223: result: yes
configure:13223: checking dirent.h presence
configure:13223: gcc -E  conftest.c
configure:13223: $? = 0
configure:13223: result: yes
configure:13223: checking for dirent.h
configure:13223: result: yes
configure:13223: checking ctype.h usability
configure:13223: gcc -c -g -O2  conftest.c >&5
configure:13223: $? = 0
configure:13223: result: yes
configure:13223: checking ctype.h presence
configure:13223: gcc -E  conftest.c
configure:13223: $? = 0
configure:13223: result: yes
configure:13223: checking for ctype.h
configure:13223: result: yes
configure:13223: checking for sys/types.h
configure:13223: result: yes
configure:13223: checking io.h usability
configure:13223: gcc -c -g -O2  conftest.c >&5
conftest.c:70:10: fatal error: io.h: No such file or directory
   70 | #include <io.h>
      |          ^~~~~~
compilation terminated.
configure:13223: $? = 1
configure: failed program was:
| /* confdefs.h */
| #define PACKAGE_NAME ""
| #define PACKAGE_TARNAME ""
| #define PACKAGE_VERSION ""
| #define PACKAGE_STRING ""
| #define PACKAGE_BUGREPORT ""
| #define PACKAGE_URL ""
| #define PACKAGE "cabocha"
| #define VERSION "0.69"
| #define STDC_HEADERS 1
| #define HAVE_SYS_TYPES_H 1
| #define HAVE_SYS_STAT_H 1
| #define HAVE_STDLIB_H 1
| #define HAVE_STRING_H 1
| #define HAVE_MEMORY_H 1
| #define HAVE_STRINGS_H 1
| #define HAVE_INTTYPES_H 1
| #define HAVE_STDINT_H 1
| #define HAVE_UNISTD_H 1
| #define HAVE_DLFCN_H 1
| #define LT_OBJDIR ".libs/"
| #define HAVE_ICONV 1
| #define ICONV_CONST 
| #define STDC_HEADERS 1
| #define HAVE_STRING_H 1
| #define HAVE_STDLIB_H 1
| #define HAVE_UNISTD_H 1
| #define HAVE_FCNTL_H 1
| #define HAVE_SYS_STAT_H 1
| #define HAVE_SYS_MMAN_H 1
| #define HAVE_SYS_TIMES_H 1
| #define HAVE_SYS_TYPES_H 1
| #define HAVE_DIRENT_H 1
| #define HAVE_CTYPE_H 1
| #define HAVE_SYS_TYPES_H 1
| /* end confdefs.h.  */
| #include <stdio.h>
| #ifdef HAVE_SYS_TYPES_H
| # include <sys/types.h>
| #endif
| #ifdef HAVE_SYS_STAT_H
| # include <sys/stat.h>
| #endif
| #ifdef STDC_HEADERS
| # include <stdlib.h>
| # include <stddef.h>
| #else
| # ifdef HAVE_STDLIB_H
| #  include <stdlib.h>
| # endif
| #endif
| #ifdef HAVE_STRING_H
| # if !defined STDC_HEADERS && defined HAVE_MEMORY_H
| #  include <memory.h>
| # endif
| # include <string.h>
| #endif
| #ifdef HAVE_STRINGS_H
| # include <strings.h>
| #endif
| #ifdef HAVE_INTTYPES_H
| # include <inttypes.h>
| #endif
| #ifdef HAVE_STDINT_H
| # include <stdint.h>
| #endif
| #ifdef HAVE_UNISTD_H
| # include <unistd.h>
| #endif
| #include <io.h>
configure:13223: result: no
configure:13223: checking io.h presence
configure:13223: gcc -E  conftest.c
conftest.c:37:10: fatal error: io.h: No such file or directory
   37 | #include <io.h>
      |          ^~~~~~
compilation terminated.
configure:13223: $? = 1
configure: failed program was:
| /* confdefs.h */
| #define PACKAGE_NAME ""
| #define PACKAGE_TARNAME ""
| #define PACKAGE_VERSION ""
| #define PACKAGE_STRING ""
| #define PACKAGE_BUGREPORT ""
| #define PACKAGE_URL ""
| #define PACKAGE "cabocha"
| #define VERSION "0.69"
| #define STDC_HEADERS 1
| #define HAVE_SYS_TYPES_H 1
| #define HAVE_SYS_STAT_H 1
| #define HAVE_STDLIB_H 1
| #define HAVE_STRING_H 1
| #define HAVE_MEMORY_H 1
| #define HAVE_STRINGS_H 1
| #define HAVE_INTTYPES_H 1
| #define HAVE_STDINT_H 1
| #define HAVE_UNISTD_H 1
| #define HAVE_DLFCN_H 1
| #define LT_OBJDIR ".libs/"
| #define HAVE_ICONV 1
| #define ICONV_CONST 
| #define STDC_HEADERS 1
| #define HAVE_STRING_H 1
| #define HAVE_STDLIB_H 1
| #define HAVE_UNISTD_H 1
| #define HAVE_FCNTL_H 1
| #define HAVE_SYS_STAT_H 1
| #define HAVE_SYS_MMAN_H 1
| #define HAVE_SYS_TIMES_H 1
| #define HAVE_SYS_TYPES_H 1
| #define HAVE_DIRENT_H 1
| #define HAVE_CTYPE_H 1
| #define HAVE_SYS_TYPES_H 1
| /* end confdefs.h.  */
| #include <io.h>
configure:13223: result: no
configure:13223: checking for io.h
configure:13223: result: no
configure:13223: checking windows.h usability
configure:13223: gcc -c -g -O2  conftest.c >&5
conftest.c:70:10: fatal error: windows.h: No such file or directory
   70 | #include <windows.h>
      |          ^~~~~~~~~~~
compilation terminated.
configure:13223: $? = 1
configure: failed program was:
| /* confdefs.h */
| #define PACKAGE_NAME ""
| #define PACKAGE_TARNAME ""
| #define PACKAGE_VERSION ""
| #define PACKAGE_STRING ""
| #define PACKAGE_BUGREPORT ""
| #define PACKAGE_URL ""
| #define PACKAGE "cabocha"
| #define VERSION "0.69"
| #define STDC_HEADERS 1
| #define HAVE_SYS_TYPES_H 1
| #define HAVE_SYS_STAT_H 1
| #define HAVE_STDLIB_H 1
| #define HAVE_STRING_H 1
| #define HAVE_MEMORY_H 1
| #define HAVE_STRINGS_H 1
| #define HAVE_INTTYPES_H 1
| #define HAVE_STDINT_H 1
| #define HAVE_UNISTD_H 1
| #define HAVE_DLFCN_H 1
| #define LT_OBJDIR ".libs/"
| #define HAVE_ICONV 1
| #define ICONV_CONST 
| #define STDC_HEADERS 1
| #define HAVE_STRING_H 1
| #define HAVE_STDLIB_H 1
| #define HAVE_UNISTD_H 1
| #define HAVE_FCNTL_H 1
| #define HAVE_SYS_STAT_H 1
| #define HAVE_SYS_MMAN_H 1
| #define HAVE_SYS_TIMES_H 1
| #define HAVE_SYS_TYPES_H 1
| #define HAVE_DIRENT_H 1
| #define HAVE_CTYPE_H 1
| #define HAVE_SYS_TYPES_H 1
| /* end confdefs.h.  */
| #include <stdio.h>
| #ifdef HAVE_SYS_TYPES_H
| # include <sys/types.h>
| #endif
| #ifdef HAVE_SYS_STAT_H
| # include <sys/stat.h>
| #endif
| #ifdef STDC_HEADERS
| # include <stdlib.h>
| # include <stddef.h>
| #else
| # ifdef HAVE_STDLIB_H
| #  include <stdlib.h>
| # endif
| #endif
| #ifdef HAVE_STRING_H
| # if !defined STDC_HEADERS && defined HAVE_MEMORY_H
| #  include <memory.h>
| # endif
| # include <string.h>
| #endif
| #ifdef HAVE_STRINGS_H
| # include <strings.h>
| #endif
| #ifdef HAVE_INTTYPES_H
| # include <inttypes.h>
| #endif
| #ifdef HAVE_STDINT_H
| # include <stdint.h>
| #endif
| #ifdef HAVE_UNISTD_H
| # include <unistd.h>
| #endif
| #include <windows.h>
configure:13223: result: no
configure:13223: checking windows.h presence
configure:13223: gcc -E  conftest.c
conftest.c:37:10: fatal error: windows.h: No such file or directory
   37 | #include <windows.h>
      |          ^~~~~~~~~~~
compilation terminated.
configure:13223: $? = 1
configure: failed program was:
| /* confdefs.h */
| #define PACKAGE_NAME ""
| #define PACKAGE_TARNAME ""
| #define PACKAGE_VERSION ""
| #define PACKAGE_STRING ""
| #define PACKAGE_BUGREPORT ""
| #define PACKAGE_URL ""
| #define PACKAGE "cabocha"
| #define VERSION "0.69"
| #define STDC_HEADERS 1
| #define HAVE_SYS_TYPES_H 1
| #define HAVE_SYS_STAT_H 1
| #define HAVE_STDLIB_H 1
| #define HAVE_STRING_H 1
| #define HAVE_MEMORY_H 1
| #define HAVE_STRINGS_H 1
| #define HAVE_INTTYPES_H 1
| #define HAVE_STDINT_H 1
| #define HAVE_UNISTD_H 1
| #define HAVE_DLFCN_H 1
| #define LT_OBJDIR ".libs/"
| #define HAVE_ICONV 1
| #define ICONV_CONST 
| #define STDC_HEADERS 1
| #define HAVE_STRING_H 1
| #define HAVE_STDLIB_H 1
| #define HAVE_UNISTD_H 1
| #define HAVE_FCNTL_H 1
| #define HAVE_SYS_STAT_H 1
| #define HAVE_SYS_MMAN_H 1
| #define HAVE_SYS_TIMES_H 1
| #define HAVE_SYS_TYPES_H 1
| #define HAVE_DIRENT_H 1
| #define HAVE_CTYPE_H 1
| #define HAVE_SYS_TYPES_H 1
| /* end confdefs.h.  */
| #include <windows.h>
configure:13223: result: no
configure:13223: checking for windows.h
configure:13223: result: no
configure:13223: checking pthread.h usability
configure:13223: gcc -c -g -O2  conftest.c >&5
configure:13223: $? = 0
configure:13223: result: yes
configure:13223: checking pthread.h presence
configure:13223: gcc -E  conftest.c
configure:13223: $? = 0
configure:13223: result: yes
configure:13223: checking for pthread.h
configure:13223: result: yes
configure:13233: checking for off_t
configure:13233: gcc -c -g -O2  conftest.c >&5
configure:13233: $? = 0
configure:13233: gcc -c -g -O2  conftest.c >&5
conftest.c: In function 'main':
conftest.c:74:20: error: expected expression before ')' token
   74 | if (sizeof ((off_t)))
      |                    ^
configure:13233: $? = 1
configure: failed program was:
| /* confdefs.h */
| #define PACKAGE_NAME ""
| #define PACKAGE_TARNAME ""
| #define PACKAGE_VERSION ""
| #define PACKAGE_STRING ""
| #define PACKAGE_BUGREPORT ""
| #define PACKAGE_URL ""
| #define PACKAGE "cabocha"
| #define VERSION "0.69"
| #define STDC_HEADERS 1
| #define HAVE_SYS_TYPES_H 1
| #define HAVE_SYS_STAT_H 1
| #define HAVE_STDLIB_H 1
| #define HAVE_STRING_H 1
| #define HAVE_MEMORY_H 1
| #define HAVE_STRINGS_H 1
| #define HAVE_INTTYPES_H 1
| #define HAVE_STDINT_H 1
| #define HAVE_UNISTD_H 1
| #define HAVE_DLFCN_H 1
| #define LT_OBJDIR ".libs/"
| #define HAVE_ICONV 1
| #define ICONV_CONST 
| #define STDC_HEADERS 1
| #define HAVE_STRING_H 1
| #define HAVE_STDLIB_H 1
| #define HAVE_UNISTD_H 1
| #define HAVE_FCNTL_H 1
| #define HAVE_SYS_STAT_H 1
| #define HAVE_SYS_MMAN_H 1
| #define HAVE_SYS_TIMES_H 1
| #define HAVE_SYS_TYPES_H 1
| #define HAVE_DIRENT_H 1
| #define HAVE_CTYPE_H 1
| #define HAVE_SYS_TYPES_H 1
| #define HAVE_PTHREAD_H 1
| /* end confdefs.h.  */
| #include <stdio.h>
| #ifdef HAVE_SYS_TYPES_H
| # include <sys/types.h>
| #endif
| #ifdef HAVE_SYS_STAT_H
| # include <sys/stat.h>
| #endif
| #ifdef STDC_HEADERS
| # include <stdlib.h>
| # include <stddef.h>
| #else
| # ifdef HAVE_STDLIB_H
| #  include <stdlib.h>
| # endif
| #endif
| #ifdef HAVE_STRING_H
| # if !defined STDC_HEADERS && defined HAVE_MEMORY_H
| #  include <memory.h>
| # endif
| # include <string.h>
| #endif
| #ifdef HAVE_STRINGS_H
| # include <strings.h>
| #endif
| #ifdef HAVE_INTTYPES_H
| # include <inttypes.h>
| #endif
| #ifdef HAVE_STDINT_H
| # include <stdint.h>
| #endif
| #ifdef HAVE_UNISTD_H
| # include <unistd.h>
| #endif
| int
| main ()
| {
| if (sizeof ((off_t)))
| 	    return 0;
|   ;
|   return 0;
| }
configure:13233: result: yes
configure:13244: checking for size_t
configure:13244: gcc -c -g -O2  conftest.c >&5
configure:13244: $? = 0
configure:13244: gcc -c -g -O2  conftest.c >&5
conftest.c: In function 'main':
conftest.c:74:21: error: expected expression before ')' token
   74 | if (sizeof ((size_t)))
      |                     ^
configure:13244: $? = 1
configure: failed program was:
| /* confdefs.h */
| #define PACKAGE_NAME ""
| #define PACKAGE_TARNAME ""
| #define PACKAGE_VERSION ""
| #define PACKAGE_STRING ""
| #define PACKAGE_BUGREPORT ""
| #define PACKAGE_URL ""
| #define PACKAGE "cabocha"
| #define VERSION "0.69"
| #define STDC_HEADERS 1
| #define HAVE_SYS_TYPES_H 1
| #define HAVE_SYS_STAT_H 1
| #define HAVE_STDLIB_H 1
| #define HAVE_STRING_H 1
| #define HAVE_MEMORY_H 1
| #define HAVE_STRINGS_H 1
| #define HAVE_INTTYPES_H 1
| #define HAVE_STDINT_H 1
| #define HAVE_UNISTD_H 1
| #define HAVE_DLFCN_H 1
| #define LT_OBJDIR ".libs/"
| #define HAVE_ICONV 1
| #define ICONV_CONST 
| #define STDC_HEADERS 1
| #define HAVE_STRING_H 1
| #define HAVE_STDLIB_H 1
| #define HAVE_UNISTD_H 1
| #define HAVE_FCNTL_H 1
| #define HAVE_SYS_STAT_H 1
| #define HAVE_SYS_MMAN_H 1
| #define HAVE_SYS_TIMES_H 1
| #define HAVE_SYS_TYPES_H 1
| #define HAVE_DIRENT_H 1
| #define HAVE_CTYPE_H 1
| #define HAVE_SYS_TYPES_H 1
| #define HAVE_PTHREAD_H 1
| /* end confdefs.h.  */
| #include <stdio.h>
| #ifdef HAVE_SYS_TYPES_H
| # include <sys/types.h>
| #endif
| #ifdef HAVE_SYS_STAT_H
| # include <sys/stat.h>
| #endif
| #ifdef STDC_HEADERS
| # include <stdlib.h>
| # include <stddef.h>
| #else
| # ifdef HAVE_STDLIB_H
| #  include <stdlib.h>
| # endif
| #endif
| #ifdef HAVE_STRING_H
| # if !defined STDC_HEADERS && defined HAVE_MEMORY_H
| #  include <memory.h>
| # endif
| # include <string.h>
| #endif
| #ifdef HAVE_STRINGS_H
| # include <strings.h>
| #endif
| #ifdef HAVE_INTTYPES_H
| # include <inttypes.h>
| #endif
| #ifdef HAVE_STDINT_H
| # include <stdint.h>
| #endif
| #ifdef HAVE_UNISTD_H
| # include <unistd.h>
| #endif
| int
| main ()
| {
| if (sizeof ((size_t)))
| 	    return 0;
|   ;
|   return 0;
| }
configure:13244: result: yes
configure:13259: checking size of char
configure:13264: gcc -o conftest -g -O2   conftest.c  >&5
configure:13264: $? = 0
configure:13264: ./conftest
configure:13264: $? = 0
configure:13278: result: 1
configure:13292: checking size of short
configure:13297: gcc -o conftest -g -O2   conftest.c  >&5
configure:13297: $? = 0
configure:13297: ./conftest
configure:13297: $? = 0
configure:13311: result: 2
configure:13325: checking size of int
configure:13330: gcc -o conftest -g -O2   conftest.c  >&5
configure:13330: $? = 0
configure:13330: ./conftest
configure:13330: $? = 0
configure:13344: result: 4
configure:13358: checking size of long
configure:13363: gcc -o conftest -g -O2   conftest.c  >&5
configure:13363: $? = 0
configure:13363: ./conftest
configure:13363: $? = 0
configure:13377: result: 8
configure:13391: checking size of long long
configure:13396: gcc -o conftest -g -O2   conftest.c  >&5
configure:13396: $? = 0
configure:13396: ./conftest
configure:13396: $? = 0
configure:13410: result: 8
configure:13424: checking size of size_t
configure:13429: gcc -o conftest -g -O2   conftest.c  >&5
configure:13429: $? = 0
configure:13429: ./conftest
configure:13429: $? = 0
configure:13443: result: 8
configure:13453: checking for size_t
configure:13453: result: yes
configure:13471: checking for stdlib.h
configure:13471: result: yes
configure:13471: checking for unistd.h
configure:13471: result: yes
configure:13471: checking for sys/param.h
configure:13471: gcc -c -g -O2  conftest.c >&5
configure:13471: $? = 0
configure:13471: result: yes
configure:13491: checking for getpagesize
configure:13491: gcc -o conftest -g -O2   conftest.c  >&5
configure:13491: $? = 0
configure:13491: result: yes
configure:13500: checking for working mmap
configure:13647: gcc -o conftest -g -O2   conftest.c  >&5
configure:13647: $? = 0
configure:13647: ./conftest
configure:13647: $? = 0
configure:13657: result: yes
configure:13668: checking for getenv
configure:13668: gcc -o conftest -g -O2   conftest.c  >&5
configure:13668: $? = 0
configure:13668: result: yes
configure:13679: checking for opendir
configure:13679: gcc -o conftest -g -O2   conftest.c  >&5
configure:13679: $? = 0
configure:13679: result: yes
configure:13690: checking for snprintf
configure:13690: gcc -o conftest -g -O2   conftest.c  >&5
conftest.c:74:6: warning: conflicting types for built-in function 'snprintf'; expected 'int(char *, long unsigned int,  const char *, ...)' [-Wbuiltin-declaration-mismatch]
   74 | char snprintf ();
      |      ^~~~~~~~
conftest.c:62:1: note: 'snprintf' is declared in header '<stdio.h>'
   61 | # include <limits.h>
   62 | #else
configure:13690: $? = 0
configure:13690: result: yes
configure:13774: checking for mecab-config
configure:13792: found /usr/bin/mecab-config
configure:13804: result: /usr/bin/mecab-config
configure:13827: checking whether iconv supports EUC-JP-MS and CP932
configure:13839: checking for main in -lstdc++
configure:13858: g++ -o conftest -O3 -Wno-deprecated -Wall   conftest.cpp -lstdc++   -L/usr/lib/x86_64-linux-gnu -lmecab -lstdc++ >&5
configure:13858: $? = 0
configure:13867: result: yes
configure:13873: checking for crfpp_new in -lcrfpp
configure:13898: g++ -o conftest -O3 -Wno-deprecated -Wall   conftest.cpp -lcrfpp   -L/usr/lib/x86_64-linux-gnu -lmecab -lstdc++ >&5
configure:13898: $? = 0
configure:13907: result: yes
configure:13913: checking for mecab_new in -lmecab
configure:13938: g++ -o conftest -O3 -Wno-deprecated -Wall   conftest.cpp -lmecab   -L/usr/lib/x86_64-linux-gnu -lmecab -lstdc++ >&5
configure:13938: $? = 0
configure:13947: result: yes
configure:13961: checking if g++ supports stl <vector> (required)
configure:13978: g++ -c -O3 -Wno-deprecated -Wall  conftest.cpp >&5
configure:13978: $? = 0
configure:13990: result: yes
configure:13994: checking if g++ supports stl <list> (required)
configure:14011: g++ -c -O3 -Wno-deprecated -Wall  conftest.cpp >&5
configure:14011: $? = 0
configure:14023: result: yes
configure:14027: checking if g++ supports stl <map> (required)
configure:14044: g++ -c -O3 -Wno-deprecated -Wall  conftest.cpp >&5
configure:14044: $? = 0
configure:14056: result: yes
configure:14060: checking if g++ supports stl <set> (required)
configure:14077: g++ -c -O3 -Wno-deprecated -Wall  conftest.cpp >&5
configure:14077: $? = 0
configure:14089: result: yes
configure:14093: checking if g++ supports stl <queue> (required)
configure:14110: g++ -c -O3 -Wno-deprecated -Wall  conftest.cpp >&5
configure:14110: $? = 0
configure:14122: result: yes
configure:14126: checking if g++ supports stl <functional> (required)
configure:14143: g++ -c -O3 -Wno-deprecated -Wall  conftest.cpp >&5
configure:14143: $? = 0
configure:14155: result: yes
configure:14159: checking if g++ supports stl <algorithm> (required)
configure:14176: g++ -c -O3 -Wno-deprecated -Wall  conftest.cpp >&5
configure:14176: $? = 0
configure:14188: result: yes
configure:14192: checking if g++ supports stl <string> (required)
configure:14209: g++ -c -O3 -Wno-deprecated -Wall  conftest.cpp >&5
configure:14209: $? = 0
configure:14221: result: yes
configure:14225: checking if g++ supports stl <iostream> (required)
configure:14242: g++ -c -O3 -Wno-deprecated -Wall  conftest.cpp >&5
configure:14242: $? = 0
configure:14254: result: yes
configure:14258: checking if g++ supports stl <strstream> (required)
configure:14275: g++ -c -O3 -Wno-deprecated -Wall  conftest.cpp >&5
configure:14275: $? = 0
configure:14287: result: yes
configure:14291: checking if g++ supports stl <fstream> (required)
configure:14308: g++ -c -O3 -Wno-deprecated -Wall  conftest.cpp >&5
configure:14308: $? = 0
configure:14320: result: yes
configure:14325: checking if g++ supports template <class T> (required)
configure:14344: g++ -c -O3 -Wno-deprecated -Wall  conftest.cpp >&5
configure:14344: $? = 0
configure:14356: result: yes
configure:14360: checking if g++ supports const_cast<> (required)
configure:14378: g++ -c -O3 -Wno-deprecated -Wall  conftest.cpp >&5
conftest.cpp: In function 'int main()':
conftest.cpp:62:9: warning: unused variable 'c1' [-Wunused-variable]
   62 |    foo *c1=const_cast<foo*>(c);
      |         ^~
configure:14378: $? = 0
configure:14390: result: yes
configure:14394: checking if g++ supports static_cast<> (required)
configure:14412: g++ -c -O3 -Wno-deprecated -Wall  conftest.cpp >&5
conftest.cpp: In function 'int main()':
conftest.cpp:62:10: warning: unused variable 'c1' [-Wunused-variable]
   62 |    void *c1 = static_cast<void *>(c);
      |          ^~
configure:14412: $? = 0
configure:14424: result: yes
configure:14428: checking if g++ supports dynamic_cast<> (required)
configure:14447: g++ -c -O3 -Wno-deprecated -Wall  conftest.cpp >&5
conftest.cpp: In function 'int main()':
conftest.cpp:63:9: warning: unused variable 'c1' [-Wunused-variable]
   63 |    foo *c1 = dynamic_cast<foo *>(c);
      |         ^~
configure:14447: $? = 0
configure:14459: result: yes
configure:14463: checking if g++ supports reinterpret_cast<> (required)
configure:14480: g++ -c -O3 -Wno-deprecated -Wall  conftest.cpp >&5
conftest.cpp: In function 'int main()':
conftest.cpp:61:10: warning: unused variable 'p' [-Wunused-variable]
   61 |    char *p = reinterpret_cast<char *>(a);
      |          ^
configure:14480: $? = 0
configure:14492: result: yes
configure:14496: checking if g++ supports exception handler (required)
configure:14519: g++ -c -O3 -Wno-deprecated -Wall  conftest.cpp >&5
conftest.cpp: In function 'int main()':
conftest.cpp:62:11: warning: unused variable 'i' [-Wunused-variable]
   62 |       int i = 0;
      |           ^
configure:14519: $? = 0
configure:14531: result: yes
configure:14535: checking if g++ supports namespaces (required) 
configure:14553: g++ -c -O3 -Wno-deprecated -Wall  conftest.cpp >&5
conftest.cpp: In function 'int main()':
conftest.cpp:62:3: warning: unused variable 'a' [-Wunused-variable]
   62 | A a;
      |   ^
configure:14553: $? = 0
configure:14564: result: yes
configure:14568: checking if g++ supports __thread (optional)
configure:14585: g++ -c -O3 -Wno-deprecated -Wall  conftest.cpp >&5
configure:14585: $? = 0
configure:14595: result: yes
configure:14608: checking if g++ environment provides all required features
configure:14616: result: yes
configure:14744: checking that generated files are newer than configure
configure:14750: result: done
configure:14782: creating ./config.status

## ---------------------- ##
## Running config.status. ##
## ---------------------- ##

This file was extended by config.status, which was
generated by GNU Autoconf 2.69.  Invocation command line was

  CONFIG_FILES    = 
  CONFIG_HEADERS  = 
  CONFIG_LINKS    = 
  CONFIG_COMMANDS = 
  $ ./config.status 

on dl-box2

config.status:1199: creating Makefile
config.status:1199: creating src/Makefile
config.status:1199: creating src/Makefile.msvc
config.status:1199: creating model/Makefile
config.status:1199: creating man/Makefile
config.status:1199: creating swig/version.h
config.status:1199: creating cabocha-config
config.status:1199: creating cabocharc
config.status:1199: creating cabocha.iss
config.status:1199: creating config.h
config.status:1428: executing depfiles commands
config.status:1428: executing libtool commands
config.status:1428: executing default commands

## ---------------- ##
## Cache variables. ##
## ---------------- ##

ac_cv_build=x86_64-unknown-linux-gnu
ac_cv_c_bigendian=no
ac_cv_c_compiler_gnu=yes
ac_cv_c_const=yes
ac_cv_cxx_compiler_gnu=yes
ac_cv_env_CCC_set=
ac_cv_env_CCC_value=
ac_cv_env_CC_set=
ac_cv_env_CC_value=
ac_cv_env_CFLAGS_set=
ac_cv_env_CFLAGS_value=
ac_cv_env_CPPFLAGS_set=
ac_cv_env_CPPFLAGS_value=
ac_cv_env_CPP_set=
ac_cv_env_CPP_value=
ac_cv_env_CXXCPP_set=
ac_cv_env_CXXCPP_value=
ac_cv_env_CXXFLAGS_set=
ac_cv_env_CXXFLAGS_value=
ac_cv_env_CXX_set=
ac_cv_env_CXX_value=
ac_cv_env_LDFLAGS_set=
ac_cv_env_LDFLAGS_value=
ac_cv_env_LIBS_set=
ac_cv_env_LIBS_value=
ac_cv_env_build_alias_set=
ac_cv_env_build_alias_value=
ac_cv_env_host_alias_set=
ac_cv_env_host_alias_value=
ac_cv_env_target_alias_set=
ac_cv_env_target_alias_value=
ac_cv_func_getenv=yes
ac_cv_func_getpagesize=yes
ac_cv_func_mmap_fixed_mapped=yes
ac_cv_func_opendir=yes
ac_cv_func_snprintf=yes
ac_cv_header_ctype_h=yes
ac_cv_header_dirent_h=yes
ac_cv_header_dlfcn_h=yes
ac_cv_header_fcntl_h=yes
ac_cv_header_inttypes_h=yes
ac_cv_header_io_h=no
ac_cv_header_memory_h=yes
ac_cv_header_pthread_h=yes
ac_cv_header_stdc=yes
ac_cv_header_stdint_h=yes
ac_cv_header_stdlib_h=yes
ac_cv_header_string_h=yes
ac_cv_header_strings_h=yes
ac_cv_header_sys_mman_h=yes
ac_cv_header_sys_param_h=yes
ac_cv_header_sys_stat_h=yes
ac_cv_header_sys_times_h=yes
ac_cv_header_sys_types_h=yes
ac_cv_header_unistd_h=yes
ac_cv_header_windows_h=no
ac_cv_host=x86_64-unknown-linux-gnu
ac_cv_lib_crfpp_crfpp_new=yes
ac_cv_lib_mecab_mecab_new=yes
ac_cv_lib_stdcpp_main=yes
ac_cv_objext=o
ac_cv_path_EGREP='/usr/bin/grep -E'
ac_cv_path_FGREP='/usr/bin/grep -F'
ac_cv_path_GREP=/usr/bin/grep
ac_cv_path_MECAB_CONFIG=/usr/bin/mecab-config
ac_cv_path_SED=/usr/bin/sed
ac_cv_path_install='/usr/bin/install -c'
ac_cv_path_mkdir=/usr/bin/mkdir
ac_cv_prog_AWK=mawk
ac_cv_prog_CPP='gcc -E'
ac_cv_prog_CXXCPP='g++ -E'
ac_cv_prog_ac_ct_AR=ar
ac_cv_prog_ac_ct_CC=gcc
ac_cv_prog_ac_ct_CXX=g++
ac_cv_prog_ac_ct_DLLTOOL=dlltool
ac_cv_prog_ac_ct_MANIFEST_TOOL=mt
ac_cv_prog_ac_ct_OBJDUMP=objdump
ac_cv_prog_ac_ct_RANLIB=ranlib
ac_cv_prog_ac_ct_STRIP=strip
ac_cv_prog_cc_c89=
ac_cv_prog_cc_g=yes
ac_cv_prog_cxx_g=yes
ac_cv_prog_gcc_traditional=no
ac_cv_prog_make_make_set=yes
ac_cv_search_strerror='none required'
ac_cv_sizeof_char=1
ac_cv_sizeof_int=4
ac_cv_sizeof_long=8
ac_cv_sizeof_long_long=8
ac_cv_sizeof_short=2
ac_cv_sizeof_size_t=8
ac_cv_type_off_t=yes
ac_cv_type_size_t=yes
acl_cv_hardcode_direct=no
acl_cv_hardcode_libdir_flag_spec='${wl}-rpath ${wl}$libdir'
acl_cv_hardcode_libdir_separator=
acl_cv_hardcode_minus_L=no
acl_cv_libext=a
acl_cv_path_LD='/usr/bin/ld -m elf_x86_64'
acl_cv_prog_gnu_ld=yes
acl_cv_rpath=done
acl_cv_shlibext=so
acl_cv_wl=-Wl,
am_cv_CC_dependencies_compiler_type=none
am_cv_CXX_dependencies_compiler_type=none
am_cv_func_iconv=yes
am_cv_func_iconv_works=yes
am_cv_lib_iconv=no
am_cv_make_support_nested_variables=yes
am_cv_prog_cc_c_o=yes
am_cv_proto_iconv='extern size_t iconv (iconv_t cd, char * *inbuf, size_t *inbytesleft, char * *outbuf, size_t *outbytesleft);'
am_cv_proto_iconv_arg1=
lt_cv_ar_at_file=@
lt_cv_archive_cmds_need_lc=no
lt_cv_deplibs_check_method=pass_all
lt_cv_file_magic_cmd='$MAGIC_CMD'
lt_cv_file_magic_test_file=
lt_cv_ld_reload_flag=-r
lt_cv_nm_interface='BSD nm'
lt_cv_objdir=.libs
lt_cv_path_LD=/usr/bin/ld
lt_cv_path_LDCXX='/usr/bin/ld -m elf_x86_64'
lt_cv_path_NM='/usr/bin/nm -B'
lt_cv_path_mainfest_tool=no
lt_cv_prog_compiler_c_o=yes
lt_cv_prog_compiler_c_o_CXX=yes
lt_cv_prog_compiler_pic='-fPIC -DPIC'
lt_cv_prog_compiler_pic_CXX='-fPIC -DPIC'
lt_cv_prog_compiler_pic_works=yes
lt_cv_prog_compiler_pic_works_CXX=yes
lt_cv_prog_compiler_rtti_exceptions=no
lt_cv_prog_compiler_static_works=yes
lt_cv_prog_compiler_static_works_CXX=yes
lt_cv_prog_gnu_ld=yes
lt_cv_prog_gnu_ldcxx=yes
lt_cv_sharedlib_from_linklib_cmd='printf %s\n'
lt_cv_shlibpath_overrides_runpath=yes
lt_cv_sys_global_symbol_pipe='sed -n -e '\''s/^.*[	 ]\([ABCDGIRSTW][ABCDGIRSTW]*\)[	 ][	 ]*\([_A-Za-z][_A-Za-z0-9]*\)$/\1 \2 \2/p'\'' | sed '\''/ __gnu_lto/d'\'''
lt_cv_sys_global_symbol_to_c_name_address='sed -n -e '\''s/^: \([^ ]*\)[ ]*$/  {\"\1\", (void *) 0},/p'\'' -e '\''s/^[ABCDGIRSTW]* \([^ ]*\) \([^ ]*\)$/  {"\2", (void *) \&\2},/p'\'''
lt_cv_sys_global_symbol_to_c_name_address_lib_prefix='sed -n -e '\''s/^: \([^ ]*\)[ ]*$/  {\"\1\", (void *) 0},/p'\'' -e '\''s/^[ABCDGIRSTW]* \([^ ]*\) \(lib[^ ]*\)$/  {"\2", (void *) \&\2},/p'\'' -e '\''s/^[ABCDGIRSTW]* \([^ ]*\) \([^ ]*\)$/  {"lib\2", (void *) \&\2},/p'\'''
lt_cv_sys_global_symbol_to_cdecl='sed -n -e '\''s/^T .* \(.*\)$/extern int \1();/p'\'' -e '\''s/^[ABCDGIRSTW]* .* \(.*\)$/extern char \1;/p'\'''
lt_cv_sys_max_cmd_len=1572864
lt_cv_to_host_file_cmd=func_convert_file_noop
lt_cv_to_tool_file_cmd=func_convert_file_noop

## ----------------- ##
## Output variables. ##
## ----------------- ##

ACLOCAL='${SHELL} /home/ono/nas/language-processing/cabocha-0.69/missing aclocal-1.14'
AMDEPBACKSLASH='\'
AMDEP_FALSE='#'
AMDEP_TRUE=''
AMTAR='$${TAR-tar}'
AM_BACKSLASH='\'
AM_DEFAULT_V='$(AM_DEFAULT_VERBOSITY)'
AM_DEFAULT_VERBOSITY='1'
AM_V='$(V)'
AR='ar'
AS='as'
AUTOCONF='${SHELL} /home/ono/nas/language-processing/cabocha-0.69/missing autoconf'
AUTOHEADER='${SHELL} /home/ono/nas/language-processing/cabocha-0.69/missing autoheader'
AUTOMAKE='${SHELL} /home/ono/nas/language-processing/cabocha-0.69/missing automake-1.14'
AWK='mawk'
CABOCHA_DEFAULT_RC='${prefix}/etc/cabocharc'
CABOCHA_LIBS='-lcrfpp -lmecab  -L/usr/lib/x86_64-linux-gnu -lmecab -lstdc++ '
CABOCHA_MODEL_LIST='chunk.ipa.model chunk.juman.model chunk.unidic.model dep.ipa.model dep.juman.model dep.unidic.model ne.ipa.model ne.juman.model ne.unidic.model'
CABOCHA_TXTMODEL_LIST='chunk.ipa.txt chunk.juman.txt chunk.unidic.txt dep.ipa.txt dep.juman.txt dep.unidic.txt ne.ipa.txt ne.juman.txt ne.unidic.txt'
CABOCHA_USE_UTF8_ONLY=''
CC='gcc'
CCDEPMODE='depmode=none'
CFLAGS='-O3  -Wno-deprecated -Wall'
CHARSET='utf-8'
CPP='gcc -E'
CPPFLAGS=''
CXX='g++'
CXXCPP='g++ -E'
CXXDEPMODE='depmode=none'
CXXFLAGS='-O3 -Wno-deprecated -Wall'
CYGPATH_W='echo'
DEFS='-DHAVE_CONFIG_H'
DEPDIR='.deps'
DLLTOOL='dlltool'
DSYMUTIL=''
DUMPBIN=''
ECHO_C=''
ECHO_N='-n'
ECHO_T=''
EGREP='/usr/bin/grep -E'
EXEEXT=''
FGREP='/usr/bin/grep -F'
GREP='/usr/bin/grep'
INSTALL_DATA='${INSTALL} -m 644'
INSTALL_PROGRAM='${INSTALL}'
INSTALL_SCRIPT='${INSTALL}'
INSTALL_STRIP_PROGRAM='$(install_sh) -c -s'
LD='/usr/bin/ld -m elf_x86_64'
LDFLAGS=''
LIBICONV=''
LIBOBJS=''
LIBS='-lcrfpp -lmecab  -L/usr/lib/x86_64-linux-gnu -lmecab -lstdc++ '
LIBTOOL='$(SHELL) $(top_builddir)/libtool'
LIPO=''
LN_S='ln -s'
LTLIBICONV=''
LTLIBOBJS=''
LTVERSION='5:0:0'
MAINT='#'
MAINTAINER_MODE_FALSE=''
MAINTAINER_MODE_TRUE='#'
MAKEINFO='${SHELL} /home/ono/nas/language-processing/cabocha-0.69/missing makeinfo'
MANIFEST_TOOL=':'
MECAB_CFLAGS=''
MECAB_CONFIG='/usr/bin/mecab-config'
MKDIR_P='/usr/bin/mkdir -p'
MODEL_VERSION='102'
NM='/usr/bin/nm -B'
NMEDIT=''
OBJDUMP='objdump'
OBJEXT='o'
OTOOL64=''
OTOOL=''
PACKAGE='cabocha'
PACKAGE_BUGREPORT=''
PACKAGE_NAME=''
PACKAGE_STRING=''
PACKAGE_TARNAME=''
PACKAGE_URL=''
PACKAGE_VERSION=''
PATH_SEPARATOR=':'
POSSET2='ipa'
POSSET='IPA'
RANLIB='ranlib'
SED='/usr/bin/sed'
SET_MAKE=''
SHELL='/bin/bash'
STRIP='strip'
VERSION='0.69'
ac_ct_AR='ar'
ac_ct_CC='gcc'
ac_ct_CXX='g++'
ac_ct_DUMPBIN=''
am__EXEEXT_FALSE=''
am__EXEEXT_TRUE='#'
am__fastdepCC_FALSE=''
am__fastdepCC_TRUE='#'
am__fastdepCXX_FALSE=''
am__fastdepCXX_TRUE='#'
am__include='include'
am__isrc=''
am__leading_dot='.'
am__nodep='_no'
am__quote=''
am__tar='$${TAR-tar} chof - "$$tardir"'
am__untar='$${TAR-tar} xf -'
bindir='${exec_prefix}/bin'
build='x86_64-unknown-linux-gnu'
build_alias=''
build_cpu='x86_64'
build_os='linux-gnu'
build_vendor='unknown'
datadir='${datarootdir}'
datarootdir='${prefix}/share'
docdir='${datarootdir}/doc/${PACKAGE}'
dvidir='${docdir}'
exec_prefix='${prefix}'
host='x86_64-unknown-linux-gnu'
host_alias=''
host_cpu='x86_64'
host_os='linux-gnu'
host_vendor='unknown'
htmldir='${docdir}'
includedir='${prefix}/include'
infodir='${datarootdir}/info'
install_sh='${SHELL} /home/ono/nas/language-processing/cabocha-0.69/install-sh'
libdir='${exec_prefix}/lib'
libexecdir='${exec_prefix}/libexec'
localedir='${datarootdir}/locale'
localstatedir='${prefix}/var'
mandir='${datarootdir}/man'
mkdir_p='$(MKDIR_P)'
oldincludedir='/usr/include'
pdfdir='${docdir}'
prefix='/usr/local'
program_transform_name='s,x,x,'
psdir='${docdir}'
sbindir='${exec_prefix}/sbin'
sharedstatedir='${prefix}/com'
sysconfdir='${prefix}/etc'
target_alias=''

## ----------- ##
## confdefs.h. ##
## ----------- ##

/* confdefs.h */
#define PACKAGE_NAME ""
#define PACKAGE_TARNAME ""
#define PACKAGE_VERSION ""
#define PACKAGE_STRING ""
#define PACKAGE_BUGREPORT ""
#define PACKAGE_URL ""
#define PACKAGE "cabocha"
#define VERSION "0.69"
#define STDC_HEADERS 1
#define HAVE_SYS_TYPES_H 1
#define HAVE_SYS_STAT_H 1
#define HAVE_STDLIB_H 1
#define HAVE_STRING_H 1
#define HAVE_MEMORY_H 1
#define HAVE_STRINGS_H 1
#define HAVE_INTTYPES_H 1
#define HAVE_STDINT_H 1
#define HAVE_UNISTD_H 1
#define HAVE_DLFCN_H 1
#define LT_OBJDIR ".libs/"
#define HAVE_ICONV 1
#define ICONV_CONST 
#define STDC_HEADERS 1
#define HAVE_STRING_H 1
#define HAVE_STDLIB_H 1
#define HAVE_UNISTD_H 1
#define HAVE_FCNTL_H 1
#define HAVE_SYS_STAT_H 1
#define HAVE_SYS_MMAN_H 1
#define HAVE_SYS_TIMES_H 1
#define HAVE_SYS_TYPES_H 1
#define HAVE_DIRENT_H 1
#define HAVE_CTYPE_H 1
#define HAVE_SYS_TYPES_H 1
#define HAVE_PTHREAD_H 1
#define SIZEOF_CHAR 1
#define SIZEOF_SHORT 2
#define SIZEOF_INT 4
#define SIZEOF_LONG 8
#define SIZEOF_LONG_LONG 8
#define SIZEOF_SIZE_T 8
#define HAVE_STDLIB_H 1
#define HAVE_UNISTD_H 1
#define HAVE_SYS_PARAM_H 1
#define HAVE_GETPAGESIZE 1
#define HAVE_MMAP 1
#define HAVE_GETENV 1
#define HAVE_OPENDIR 1
#define HAVE_SNPRINTF 1
#define HAVE_ICONV_EUC_JP_MS 1
#define HAVE_ICONV_CP932 1
#define HAVE_TLS_KEYWORD 1

configure: exit 0
